<?xml version="1.0" encoding="UTF-8"?>
<testsuite xmlns:xsi="http://www.w3.org/2001/XMLSchema-instance" xsi:noNamespaceSchemaLocation="https://maven.apache.org/surefire/maven-surefire-plugin/xsd/surefire-test-report-3.0.xsd" version="3.0" name="org.acme.GreetingResourceTest" time="1.626" tests="1" errors="0" skipped="0" failures="1">
  <properties>
    <property name="java.specification.version" value="21"/>
    <property name="test.url" value="http://localhost:8081"/>
    <property name="sun.jnu.encoding" value="UTF-8"/>
    <property name="io.quarkus.security.http.test-if-basic-auth-implicitly-required" value="true"/>
    <property name="java.class.path" value="/Users/starnold/code/summit2024/store-app/store-camera/target/test-classes:/Users/starnold/code/summit2024/store-app/store-camera/target/classes:/Users/starnold/.m2/repository/com/github/sarxos/webcam-capture/0.3.12/webcam-capture-0.3.12.jar:/Users/starnold/.m2/repository/com/nativelibs4java/bridj/0.7.0/bridj-0.7.0.jar:/Users/starnold/.m2/repository/org/slf4j/slf4j-api/2.0.6/slf4j-api-2.0.6.jar:/Users/starnold/.m2/repository/io/quarkus/quarkus-rest/3.11.3/quarkus-rest-3.11.3.jar:/Users/starnold/.m2/repository/io/quarkus/quarkus-rest-common/3.11.3/quarkus-rest-common-3.11.3.jar:/Users/starnold/.m2/repository/io/quarkus/resteasy/reactive/resteasy-reactive-common/3.11.3/resteasy-reactive-common-3.11.3.jar:/Users/starnold/.m2/repository/io/quarkus/resteasy/reactive/resteasy-reactive-common-types/3.11.3/resteasy-reactive-common-types-3.11.3.jar:/Users/starnold/.m2/repository/io/smallrye/reactive/mutiny/2.6.0/mutiny-2.6.0.jar:/Users/starnold/.m2/repository/org/jctools/jctools-core/4.0.3/jctools-core-4.0.3.jar:/Users/starnold/.m2/repository/org/reactivestreams/reactive-streams/1.0.4/reactive-streams-1.0.4.jar:/Users/starnold/.m2/repository/io/smallrye/reactive/mutiny-zero-flow-adapters/1.1.0/mutiny-zero-flow-adapters-1.1.0.jar:/Users/starnold/.m2/repository/io/quarkus/quarkus-mutiny/3.11.3/quarkus-mutiny-3.11.3.jar:/Users/starnold/.m2/repository/io/quarkus/quarkus-smallrye-context-propagation/3.11.3/quarkus-smallrye-context-propagation-3.11.3.jar:/Users/starnold/.m2/repository/io/smallrye/smallrye-context-propagation/2.1.2/smallrye-context-propagation-2.1.2.jar:/Users/starnold/.m2/repository/io/smallrye/smallrye-context-propagation-api/2.1.2/smallrye-context-propagation-api-2.1.2.jar:/Users/starnold/.m2/repository/io/smallrye/smallrye-context-propagation-storage/2.1.2/smallrye-context-propagation-storage-2.1.2.jar:/Users/starnold/.m2/repository/io/smallrye/reactive/mutiny-smallrye-context-propagation/2.6.0/mutiny-smallrye-context-propagation-2.6.0.jar:/Users/starnold/.m2/repository/io/quarkus/resteasy/reactive/resteasy-reactive-vertx/3.11.3/resteasy-reactive-vertx-3.11.3.jar:/Users/starnold/.m2/repository/io/vertx/vertx-web/4.5.7/vertx-web-4.5.7.jar:/Users/starnold/.m2/repository/io/vertx/vertx-web-common/4.5.7/vertx-web-common-4.5.7.jar:/Users/starnold/.m2/repository/io/vertx/vertx-auth-common/4.5.7/vertx-auth-common-4.5.7.jar:/Users/starnold/.m2/repository/io/vertx/vertx-bridge-common/4.5.7/vertx-bridge-common-4.5.7.jar:/Users/starnold/.m2/repository/io/smallrye/reactive/smallrye-mutiny-vertx-core/3.12.0/smallrye-mutiny-vertx-core-3.12.0.jar:/Users/starnold/.m2/repository/io/smallrye/reactive/smallrye-mutiny-vertx-runtime/3.12.0/smallrye-mutiny-vertx-runtime-3.12.0.jar:/Users/starnold/.m2/repository/io/smallrye/reactive/vertx-mutiny-generator/3.12.0/vertx-mutiny-generator-3.12.0.jar:/Users/starnold/.m2/repository/io/vertx/vertx-codegen/4.5.7/vertx-codegen-4.5.7.jar:/Users/starnold/.m2/repository/io/quarkus/resteasy/reactive/resteasy-reactive/3.11.3/resteasy-reactive-3.11.3.jar:/Users/starnold/.m2/repository/jakarta/enterprise/jakarta.enterprise.cdi-api/4.1.0/jakarta.enterprise.cdi-api-4.1.0.jar:/Users/starnold/.m2/repository/jakarta/enterprise/jakarta.enterprise.lang-model/4.1.0/jakarta.enterprise.lang-model-4.1.0.jar:/Users/starnold/.m2/repository/jakarta/interceptor/jakarta.interceptor-api/2.2.0/jakarta.interceptor-api-2.2.0.jar:/Users/starnold/.m2/repository/jakarta/ws/rs/jakarta.ws.rs-api/3.1.0/jakarta.ws.rs-api-3.1.0.jar:/Users/starnold/.m2/repository/jakarta/annotation/jakarta.annotation-api/3.0.0/jakarta.annotation-api-3.0.0.jar:/Users/starnold/.m2/repository/org/jboss/logging/commons-logging-jboss-logging/1.0.0.Final/commons-logging-jboss-logging-1.0.0.Final.jar:/Users/starnold/.m2/repository/jakarta/xml/bind/jakarta.xml.bind-api/4.0.2/jakarta.xml.bind-api-4.0.2.jar:/Users/starnold/.m2/repository/jakarta/activation/jakarta.activation-api/2.1.3/jakarta.activation-api-2.1.3.jar:/Users/starnold/.m2/repository/org/jboss/logging/jboss-logging/3.5.3.Final/jboss-logging-3.5.3.Final.jar:/Users/starnold/.m2/repository/io/quarkus/quarkus-vertx-http/3.11.3/quarkus-vertx-http-3.11.3.jar:/Users/starnold/.m2/repository/io/quarkus/quarkus-security-runtime-spi/3.11.3/quarkus-security-runtime-spi-3.11.3.jar:/Users/starnold/.m2/repository/io/quarkus/quarkus-credentials/3.11.3/quarkus-credentials-3.11.3.jar:/Users/starnold/.m2/repository/io/smallrye/common/smallrye-common-vertx-context/2.3.0/smallrye-common-vertx-context-2.3.0.jar:/Users/starnold/.m2/repository/io/smallrye/common/smallrye-common-constraint/2.3.0/smallrye-common-constraint-2.3.0.jar:/Users/starnold/.m2/repository/io/quarkus/security/quarkus-security/2.0.3.Final/quarkus-security-2.0.3.Final.jar:/Users/starnold/.m2/repository/io/smallrye/reactive/smallrye-mutiny-vertx-web/3.12.0/smallrye-mutiny-vertx-web-3.12.0.jar:/Users/starnold/.m2/repository/io/smallrye/reactive/smallrye-mutiny-vertx-web-common/3.12.0/smallrye-mutiny-vertx-web-common-3.12.0.jar:/Users/starnold/.m2/repository/io/smallrye/reactive/smallrye-mutiny-vertx-auth-common/3.12.0/smallrye-mutiny-vertx-auth-common-3.12.0.jar:/Users/starnold/.m2/repository/io/smallrye/reactive/smallrye-mutiny-vertx-bridge-common/3.12.0/smallrye-mutiny-vertx-bridge-common-3.12.0.jar:/Users/starnold/.m2/repository/io/smallrye/reactive/smallrye-mutiny-vertx-uri-template/3.12.0/smallrye-mutiny-vertx-uri-template-3.12.0.jar:/Users/starnold/.m2/repository/io/vertx/vertx-uri-template/4.5.7/vertx-uri-template-4.5.7.jar:/Users/starnold/.m2/repository/io/github/crac/org-crac/0.1.3/org-crac-0.1.3.jar:/Users/starnold/.m2/repository/io/quarkus/quarkus-jsonp/3.11.3/quarkus-jsonp-3.11.3.jar:/Users/starnold/.m2/repository/org/eclipse/parsson/parsson/1.1.6/parsson-1.1.6.jar:/Users/starnold/.m2/repository/jakarta/json/jakarta.json-api/2.1.3/jakarta.json-api-2.1.3.jar:/Users/starnold/.m2/repository/io/quarkus/quarkus-virtual-threads/3.11.3/quarkus-virtual-threads-3.11.3.jar:/Users/starnold/.m2/repository/io/vertx/vertx-core/4.5.7/vertx-core-4.5.7.jar:/Users/starnold/.m2/repository/io/netty/netty-common/4.1.108.Final/netty-common-4.1.108.Final.jar:/Users/starnold/.m2/repository/io/netty/netty-buffer/4.1.108.Final/netty-buffer-4.1.108.Final.jar:/Users/starnold/.m2/repository/io/netty/netty-transport/4.1.108.Final/netty-transport-4.1.108.Final.jar:/Users/starnold/.m2/repository/io/netty/netty-handler/4.1.108.Final/netty-handler-4.1.108.Final.jar:/Users/starnold/.m2/repository/io/netty/netty-transport-native-unix-common/4.1.108.Final/netty-transport-native-unix-common-4.1.108.Final.jar:/Users/starnold/.m2/repository/io/netty/netty-handler-proxy/4.1.108.Final/netty-handler-proxy-4.1.108.Final.jar:/Users/starnold/.m2/repository/io/netty/netty-codec-socks/4.1.108.Final/netty-codec-socks-4.1.108.Final.jar:/Users/starnold/.m2/repository/io/netty/netty-codec-http/4.1.108.Final/netty-codec-http-4.1.108.Final.jar:/Users/starnold/.m2/repository/io/netty/netty-codec-http2/4.1.108.Final/netty-codec-http2-4.1.108.Final.jar:/Users/starnold/.m2/repository/io/netty/netty-resolver/4.1.108.Final/netty-resolver-4.1.108.Final.jar:/Users/starnold/.m2/repository/io/netty/netty-resolver-dns/4.1.108.Final/netty-resolver-dns-4.1.108.Final.jar:/Users/starnold/.m2/repository/io/netty/netty-codec-dns/4.1.108.Final/netty-codec-dns-4.1.108.Final.jar:/Users/starnold/.m2/repository/com/fasterxml/jackson/core/jackson-core/2.17.1/jackson-core-2.17.1.jar:/Users/starnold/.m2/repository/io/quarkus/quarkus-junit5/3.11.3/quarkus-junit5-3.11.3.jar:/Users/starnold/.m2/repository/io/quarkus/quarkus-bootstrap-core/3.11.3/quarkus-bootstrap-core-3.11.3.jar:/Users/starnold/.m2/repository/io/quarkus/quarkus-classloader-commons/3.11.3/quarkus-classloader-commons-3.11.3.jar:/Users/starnold/.m2/repository/io/quarkus/quarkus-bootstrap-app-model/3.11.3/quarkus-bootstrap-app-model-3.11.3.jar:/Users/starnold/.m2/repository/io/smallrye/common/smallrye-common-io/2.3.0/smallrye-common-io-2.3.0.jar:/Users/starnold/.m2/repository/org/eclipse/sisu/org.eclipse.sisu.inject/0.9.0.M2/org.eclipse.sisu.inject-0.9.0.M2.jar:/Users/starnold/.m2/repository/io/quarkus/quarkus-test-common/3.11.3/quarkus-test-common-3.11.3.jar:/Users/starnold/.m2/repository/io/quarkus/quarkus-core-deployment/3.11.3/quarkus-core-deployment-3.11.3.jar:/Users/starnold/.m2/repository/org/aesh/readline/2.4/readline-2.4.jar:/Users/starnold/.m2/repository/org/fusesource/jansi/jansi/2.4.0/jansi-2.4.0.jar:/Users/starnold/.m2/repository/org/aesh/aesh/2.7/aesh-2.7.jar:/Users/starnold/.m2/repository/io/quarkus/gizmo/gizmo/1.8.0/gizmo-1.8.0.jar:/Users/starnold/.m2/repository/org/ow2/asm/asm-util/9.7/asm-util-9.7.jar:/Users/starnold/.m2/repository/org/ow2/asm/asm-analysis/9.7/asm-analysis-9.7.jar:/Users/starnold/.m2/repository/org/ow2/asm/asm/9.7/asm-9.7.jar:/Users/starnold/.m2/repository/org/ow2/asm/asm-commons/9.7/asm-commons-9.7.jar:/Users/starnold/.m2/repository/org/ow2/asm/asm-tree/9.7/asm-tree-9.7.jar:/Users/starnold/.m2/repository/io/quarkus/quarkus-hibernate-validator-spi/3.11.3/quarkus-hibernate-validator-spi-3.11.3.jar:/Users/starnold/.m2/repository/io/quarkus/quarkus-class-change-agent/3.11.3/quarkus-class-change-agent-3.11.3.jar:/Users/starnold/.m2/repository/io/quarkus/quarkus-devtools-utilities/3.11.3/quarkus-devtools-utilities-3.11.3.jar:/Users/starnold/.m2/repository/io/quarkus/quarkus-builder/3.11.3/quarkus-builder-3.11.3.jar:/Users/starnold/.m2/repository/org/graalvm/sdk/nativeimage/23.1.2/nativeimage-23.1.2.jar:/Users/starnold/.m2/repository/org/graalvm/sdk/word/23.1.2/word-23.1.2.jar:/Users/starnold/.m2/repository/org/junit/platform/junit-platform-launcher/1.10.2/junit-platform-launcher-1.10.2.jar:/Users/starnold/.m2/repository/io/quarkus/quarkus-bootstrap-maven-resolver/3.11.3/quarkus-bootstrap-maven-resolver-3.11.3.jar:/Users/starnold/.m2/repository/io/smallrye/beanbag/smallrye-beanbag-maven/1.5.2/smallrye-beanbag-maven-1.5.2.jar:/Users/starnold/.m2/repository/io/smallrye/beanbag/smallrye-beanbag-sisu/1.5.2/smallrye-beanbag-sisu-1.5.2.jar:/Users/starnold/.m2/repository/io/smallrye/beanbag/smallrye-beanbag/1.5.2/smallrye-beanbag-1.5.2.jar:/Users/starnold/.m2/repository/javax/inject/javax.inject/1/javax.inject-1.jar:/Users/starnold/.m2/repository/org/apache/maven/maven-artifact/3.9.6/maven-artifact-3.9.6.jar:/Users/starnold/.m2/repository/org/apache/maven/maven-builder-support/3.9.6/maven-builder-support-3.9.6.jar:/Users/starnold/.m2/repository/org/apache/maven/maven-model/3.9.6/maven-model-3.9.6.jar:/Users/starnold/.m2/repository/org/apache/maven/maven-model-builder/3.9.6/maven-model-builder-3.9.6.jar:/Users/starnold/.m2/repository/org/apache/maven/maven-repository-metadata/3.9.6/maven-repository-metadata-3.9.6.jar:/Users/starnold/.m2/repository/org/apache/maven/maven-settings/3.9.6/maven-settings-3.9.6.jar:/Users/starnold/.m2/repository/org/apache/maven/resolver/maven-resolver-api/1.9.18/maven-resolver-api-1.9.18.jar:/Users/starnold/.m2/repository/org/apache/maven/resolver/maven-resolver-impl/1.9.18/maven-resolver-impl-1.9.18.jar:/Users/starnold/.m2/repository/org/apache/maven/resolver/maven-resolver-named-locks/1.9.18/maven-resolver-named-locks-1.9.18.jar:/Users/starnold/.m2/repository/org/apache/maven/resolver/maven-resolver-spi/1.9.18/maven-resolver-spi-1.9.18.jar:/Users/starnold/.m2/repository/org/apache/maven/resolver/maven-resolver-util/1.9.18/maven-resolver-util-1.9.18.jar:/Users/starnold/.m2/repository/org/apache/maven/resolver/maven-resolver-transport-http/1.9.20/maven-resolver-transport-http-1.9.20.jar:/Users/starnold/.m2/repository/org/apache/maven/wagon/wagon-provider-api/3.5.3/wagon-provider-api-3.5.3.jar:/Users/starnold/.m2/repository/org/apache/maven/wagon/wagon-http-shared/3.5.3/wagon-http-shared-3.5.3.jar:/Users/starnold/.m2/repository/org/codehaus/plexus/plexus-interpolation/1.26/plexus-interpolation-1.26.jar:/Users/starnold/.m2/repository/org/codehaus/plexus/plexus-utils/3.5.1/plexus-utils-3.5.1.jar:/Users/starnold/.m2/repository/org/codehaus/plexus/plexus-xml/4.0.1/plexus-xml-4.0.1.jar:/Users/starnold/.m2/repository/org/apache/maven/maven-xml-impl/4.0.0-alpha-5/maven-xml-impl-4.0.0-alpha-5.jar:/Users/starnold/.m2/repository/org/apache/maven/maven-api-xml/4.0.0-alpha-5/maven-api-xml-4.0.0-alpha-5.jar:/Users/starnold/.m2/repository/org/apache/maven/maven-api-meta/4.0.0-alpha-5/maven-api-meta-4.0.0-alpha-5.jar:/Users/starnold/.m2/repository/org/codehaus/plexus/plexus-cipher/2.0/plexus-cipher-2.0.jar:/Users/starnold/.m2/repository/org/codehaus/plexus/plexus-sec-dispatcher/2.0/plexus-sec-dispatcher-2.0.jar:/Users/starnold/.m2/repository/org/apache/maven/maven-embedder/3.9.6/maven-embedder-3.9.6.jar:/Users/starnold/.m2/repository/org/apache/maven/maven-core/3.9.6/maven-core-3.9.6.jar:/Users/starnold/.m2/repository/org/codehaus/plexus/plexus-component-annotations/2.1.0/plexus-component-annotations-2.1.0.jar:/Users/starnold/.m2/repository/org/apache/maven/maven-plugin-api/3.9.6/maven-plugin-api-3.9.6.jar:/Users/starnold/.m2/repository/org/apache/maven/shared/maven-shared-utils/3.3.4/maven-shared-utils-3.3.4.jar:/Users/starnold/.m2/repository/com/google/inject/guice/5.1.0/guice-5.1.0.jar:/Users/starnold/.m2/repository/aopalliance/aopalliance/1.0/aopalliance-1.0.jar:/Users/starnold/.m2/repository/com/google/guava/guava/33.2.0-jre/guava-33.2.0-jre.jar:/Users/starnold/.m2/repository/com/google/guava/failureaccess/1.0.1/failureaccess-1.0.1.jar:/Users/starnold/.m2/repository/javax/annotation/javax.annotation-api/1.3.2/javax.annotation-api-1.3.2.jar:/Users/starnold/.m2/repository/org/codehaus/plexus/plexus-classworlds/2.6.0/plexus-classworlds-2.6.0.jar:/Users/starnold/.m2/repository/commons-cli/commons-cli/1.5.0/commons-cli-1.5.0.jar:/Users/starnold/.m2/repository/org/eclipse/sisu/org.eclipse.sisu.plexus/0.9.0.M2/org.eclipse.sisu.plexus-0.9.0.M2.jar:/Users/starnold/.m2/repository/org/apache/maven/maven-settings-builder/3.9.6/maven-settings-builder-3.9.6.jar:/Users/starnold/.m2/repository/org/apache/maven/maven-resolver-provider/3.9.6/maven-resolver-provider-3.9.6.jar:/Users/starnold/.m2/repository/org/apache/maven/resolver/maven-resolver-connector-basic/1.9.18/maven-resolver-connector-basic-1.9.18.jar:/Users/starnold/.m2/repository/org/apache/maven/resolver/maven-resolver-transport-wagon/1.9.18/maven-resolver-transport-wagon-1.9.18.jar:/Users/starnold/.m2/repository/org/apache/maven/wagon/wagon-http/3.5.3/wagon-http-3.5.3.jar:/Users/starnold/.m2/repository/org/apache/maven/wagon/wagon-file/3.5.3/wagon-file-3.5.3.jar:/Users/starnold/.m2/repository/io/quarkus/quarkus-bootstrap-gradle-resolver/3.11.3/quarkus-bootstrap-gradle-resolver-3.11.3.jar:/Users/starnold/.m2/repository/io/smallrye/jandex/3.1.8/jandex-3.1.8.jar:/Users/starnold/.m2/repository/io/quarkus/quarkus-junit5-properties/3.11.3/quarkus-junit5-properties-3.11.3.jar:/Users/starnold/.m2/repository/org/junit/jupiter/junit-jupiter/5.10.2/junit-jupiter-5.10.2.jar:/Users/starnold/.m2/repository/org/junit/jupiter/junit-jupiter-api/5.10.2/junit-jupiter-api-5.10.2.jar:/Users/starnold/.m2/repository/org/opentest4j/opentest4j/1.3.0/opentest4j-1.3.0.jar:/Users/starnold/.m2/repository/org/junit/platform/junit-platform-commons/1.10.2/junit-platform-commons-1.10.2.jar:/Users/starnold/.m2/repository/org/apiguardian/apiguardian-api/1.1.2/apiguardian-api-1.1.2.jar:/Users/starnold/.m2/repository/org/junit/jupiter/junit-jupiter-params/5.10.2/junit-jupiter-params-5.10.2.jar:/Users/starnold/.m2/repository/org/junit/jupiter/junit-jupiter-engine/5.10.2/junit-jupiter-engine-5.10.2.jar:/Users/starnold/.m2/repository/org/junit/platform/junit-platform-engine/1.10.2/junit-platform-engine-1.10.2.jar:/Users/starnold/.m2/repository/io/quarkus/quarkus-core/3.11.3/quarkus-core-3.11.3.jar:/Users/starnold/.m2/repository/jakarta/inject/jakarta.inject-api/2.0.1/jakarta.inject-api-2.0.1.jar:/Users/starnold/.m2/repository/io/smallrye/common/smallrye-common-os/2.3.0/smallrye-common-os-2.3.0.jar:/Users/starnold/.m2/repository/io/quarkus/quarkus-ide-launcher/3.11.3/quarkus-ide-launcher-3.11.3.jar:/Users/starnold/.m2/repository/io/quarkus/quarkus-development-mode-spi/3.11.3/quarkus-development-mode-spi-3.11.3.jar:/Users/starnold/.m2/repository/io/smallrye/config/smallrye-config/3.8.1/smallrye-config-3.8.1.jar:/Users/starnold/.m2/repository/io/smallrye/config/smallrye-config-core/3.8.1/smallrye-config-core-3.8.1.jar:/Users/starnold/.m2/repository/org/eclipse/microprofile/config/microprofile-config-api/3.1/microprofile-config-api-3.1.jar:/Users/starnold/.m2/repository/io/smallrye/common/smallrye-common-classloader/2.3.0/smallrye-common-classloader-2.3.0.jar:/Users/starnold/.m2/repository/io/smallrye/config/smallrye-config-common/3.8.1/smallrye-config-common-3.8.1.jar:/Users/starnold/.m2/repository/org/jboss/logmanager/jboss-logmanager/3.0.6.Final/jboss-logmanager-3.0.6.Final.jar:/Users/starnold/.m2/repository/io/smallrye/common/smallrye-common-cpu/2.3.0/smallrye-common-cpu-2.3.0.jar:/Users/starnold/.m2/repository/io/smallrye/common/smallrye-common-expression/2.3.0/smallrye-common-expression-2.3.0.jar:/Users/starnold/.m2/repository/io/smallrye/common/smallrye-common-function/2.3.0/smallrye-common-function-2.3.0.jar:/Users/starnold/.m2/repository/io/smallrye/common/smallrye-common-net/2.3.0/smallrye-common-net-2.3.0.jar:/Users/starnold/.m2/repository/io/smallrye/common/smallrye-common-ref/2.3.0/smallrye-common-ref-2.3.0.jar:/Users/starnold/.m2/repository/org/jboss/logging/jboss-logging-annotations/2.2.1.Final/jboss-logging-annotations-2.2.1.Final.jar:/Users/starnold/.m2/repository/org/jboss/threads/jboss-threads/3.6.1.Final/jboss-threads-3.6.1.Final.jar:/Users/starnold/.m2/repository/org/wildfly/common/wildfly-common/1.7.0.Final/wildfly-common-1.7.0.Final.jar:/Users/starnold/.m2/repository/io/quarkus/quarkus-bootstrap-runner/3.11.3/quarkus-bootstrap-runner-3.11.3.jar:/Users/starnold/.m2/repository/io/quarkus/quarkus-fs-util/0.0.10/quarkus-fs-util-0.0.10.jar:/Users/starnold/.m2/repository/com/thoughtworks/xstream/xstream/1.4.20/xstream-1.4.20.jar:/Users/starnold/.m2/repository/io/github/x-stream/mxparser/1.2.2/mxparser-1.2.2.jar:/Users/starnold/.m2/repository/xmlpull/xmlpull/1.1.3.1/xmlpull-1.1.3.1.jar:/Users/starnold/.m2/repository/io/rest-assured/rest-assured/5.4.0/rest-assured-5.4.0.jar:/Users/starnold/.m2/repository/org/apache/groovy/groovy/4.0.16/groovy-4.0.16.jar:/Users/starnold/.m2/repository/org/apache/groovy/groovy-xml/4.0.16/groovy-xml-4.0.16.jar:/Users/starnold/.m2/repository/org/apache/httpcomponents/httpclient/4.5.14/httpclient-4.5.14.jar:/Users/starnold/.m2/repository/org/apache/httpcomponents/httpcore/4.4.16/httpcore-4.4.16.jar:/Users/starnold/.m2/repository/commons-codec/commons-codec/1.17.0/commons-codec-1.17.0.jar:/Users/starnold/.m2/repository/org/apache/httpcomponents/httpmime/4.5.14/httpmime-4.5.14.jar:/Users/starnold/.m2/repository/org/hamcrest/hamcrest/2.2/hamcrest-2.2.jar:/Users/starnold/.m2/repository/org/ccil/cowan/tagsoup/tagsoup/1.2.1/tagsoup-1.2.1.jar:/Users/starnold/.m2/repository/io/rest-assured/json-path/5.4.0/json-path-5.4.0.jar:/Users/starnold/.m2/repository/org/apache/groovy/groovy-json/4.0.16/groovy-json-4.0.16.jar:/Users/starnold/.m2/repository/io/rest-assured/rest-assured-common/5.4.0/rest-assured-common-5.4.0.jar:/Users/starnold/.m2/repository/io/rest-assured/xml-path/5.4.0/xml-path-5.4.0.jar:/Users/starnold/.m2/repository/org/apache/commons/commons-lang3/3.14.0/commons-lang3-3.14.0.jar:/Users/starnold/.m2/repository/io/quarkus/quarkus-scheduler/3.11.3/quarkus-scheduler-3.11.3.jar:/Users/starnold/.m2/repository/io/quarkus/quarkus-scheduler-kotlin/3.11.3/quarkus-scheduler-kotlin-3.11.3.jar:/Users/starnold/.m2/repository/io/quarkus/quarkus-scheduler-common/3.11.3/quarkus-scheduler-common-3.11.3.jar:/Users/starnold/.m2/repository/io/quarkus/quarkus-scheduler-api/3.11.3/quarkus-scheduler-api-3.11.3.jar:/Users/starnold/.m2/repository/io/quarkus/quarkus-scheduler-spi/3.11.3/quarkus-scheduler-spi-3.11.3.jar:/Users/starnold/.m2/repository/io/opentelemetry/instrumentation/opentelemetry-instrumentation-api/1.32.0/opentelemetry-instrumentation-api-1.32.0.jar:/Users/starnold/.m2/repository/io/opentelemetry/opentelemetry-api/1.32.0/opentelemetry-api-1.32.0.jar:/Users/starnold/.m2/repository/io/opentelemetry/opentelemetry-context/1.32.0/opentelemetry-context-1.32.0.jar:/Users/starnold/.m2/repository/io/opentelemetry/opentelemetry-extension-incubator/1.32.0-alpha/opentelemetry-extension-incubator-1.32.0-alpha.jar:/Users/starnold/.m2/repository/com/cronutils/cron-utils/9.2.1/cron-utils-9.2.1.jar:/Users/starnold/.m2/repository/io/quarkus/quarkus-arc/3.11.3/quarkus-arc-3.11.3.jar:/Users/starnold/.m2/repository/io/quarkus/arc/arc/3.11.3/arc-3.11.3.jar:/Users/starnold/.m2/repository/jakarta/transaction/jakarta.transaction-api/2.0.1/jakarta.transaction-api-2.0.1.jar:/Users/starnold/.m2/repository/org/eclipse/microprofile/context-propagation/microprofile-context-propagation-api/1.3/microprofile-context-propagation-api-1.3.jar:/Users/starnold/.m2/repository/io/quarkus/quarkus-vertx/3.11.3/quarkus-vertx-3.11.3.jar:/Users/starnold/.m2/repository/io/quarkus/quarkus-netty/3.11.3/quarkus-netty-3.11.3.jar:/Users/starnold/.m2/repository/io/netty/netty-codec/4.1.108.Final/netty-codec-4.1.108.Final.jar:/Users/starnold/.m2/repository/com/aayushatharva/brotli4j/brotli4j/1.16.0/brotli4j-1.16.0.jar:/Users/starnold/.m2/repository/com/aayushatharva/brotli4j/service/1.16.0/service-1.16.0.jar:/Users/starnold/.m2/repository/com/aayushatharva/brotli4j/native-osx-aarch64/1.16.0/native-osx-aarch64-1.16.0.jar:/Users/starnold/.m2/repository/io/netty/netty-codec-haproxy/4.1.108.Final/netty-codec-haproxy-4.1.108.Final.jar:/Users/starnold/.m2/repository/io/smallrye/common/smallrye-common-annotation/2.3.0/smallrye-common-annotation-2.3.0.jar:/Users/starnold/.m2/repository/io/quarkus/quarkus-vertx-latebound-mdc-provider/3.11.3/quarkus-vertx-latebound-mdc-provider-3.11.3.jar:/Users/starnold/.m2/repository/io/smallrye/smallrye-fault-tolerance-vertx/6.3.0/smallrye-fault-tolerance-vertx-6.3.0.jar:/Users/starnold/.m2/repository/org/jboss/slf4j/slf4j-jboss-logmanager/2.0.0.Final/slf4j-jboss-logmanager-2.0.0.Final.jar:/Users/starnold/.m2/repository/org/glassfish/expressly/expressly/5.0.0/expressly-5.0.0.jar:/Users/starnold/.m2/repository/jakarta/el/jakarta.el-api/5.0.1/jakarta.el-api-5.0.1.jar:/Users/starnold/.m2/repository/io/quarkus/quarkus-rest-jackson/3.11.3/quarkus-rest-jackson-3.11.3.jar:/Users/starnold/.m2/repository/io/quarkus/quarkus-rest-jackson-common/3.11.3/quarkus-rest-jackson-common-3.11.3.jar:/Users/starnold/.m2/repository/io/quarkus/quarkus-jackson/3.11.3/quarkus-jackson-3.11.3.jar:/Users/starnold/.m2/repository/com/fasterxml/jackson/datatype/jackson-datatype-jsr310/2.17.1/jackson-datatype-jsr310-2.17.1.jar:/Users/starnold/.m2/repository/com/fasterxml/jackson/datatype/jackson-datatype-jdk8/2.17.1/jackson-datatype-jdk8-2.17.1.jar:/Users/starnold/.m2/repository/com/fasterxml/jackson/module/jackson-module-parameter-names/2.17.1/jackson-module-parameter-names-2.17.1.jar:/Users/starnold/.m2/repository/io/quarkus/quarkus-rest-client-jackson/3.11.3/quarkus-rest-client-jackson-3.11.3.jar:/Users/starnold/.m2/repository/io/quarkus/resteasy/reactive/resteasy-reactive-jackson/3.11.3/resteasy-reactive-jackson-3.11.3.jar:/Users/starnold/.m2/repository/com/fasterxml/jackson/core/jackson-databind/2.17.1/jackson-databind-2.17.1.jar:/Users/starnold/.m2/repository/com/fasterxml/jackson/core/jackson-annotations/2.17.1/jackson-annotations-2.17.1.jar:/Users/starnold/.m2/repository/io/quarkus/quarkus-rest-client/3.11.3/quarkus-rest-client-3.11.3.jar:/Users/starnold/.m2/repository/io/quarkus/quarkus-rest-client-jaxrs/3.11.3/quarkus-rest-client-jaxrs-3.11.3.jar:/Users/starnold/.m2/repository/io/quarkus/resteasy/reactive/resteasy-reactive-client/3.11.3/resteasy-reactive-client-3.11.3.jar:/Users/starnold/.m2/repository/io/vertx/vertx-web-client/4.5.7/vertx-web-client-4.5.7.jar:/Users/starnold/.m2/repository/io/quarkus/quarkus-smallrye-stork/3.11.3/quarkus-smallrye-stork-3.11.3.jar:/Users/starnold/.m2/repository/io/quarkus/quarkus-rest-client-config/3.11.3/quarkus-rest-client-config-3.11.3.jar:/Users/starnold/.m2/repository/io/smallrye/stork/stork-api/2.6.0/stork-api-2.6.0.jar:/Users/starnold/.m2/repository/io/smallrye/stork/stork-core/2.6.0/stork-core-2.6.0.jar:/Users/starnold/.m2/repository/org/eclipse/microprofile/rest/client/microprofile-rest-client-api/3.0.1/microprofile-rest-client-api-3.0.1.jar:/Users/starnold/.m2/repository/commons-io/commons-io/2.16.1/commons-io-2.16.1.jar:"/>
    <property name="java.vm.vendor" value="Homebrew"/>
    <property name="sun.arch.data.model" value="64"/>
    <property name="java.vendor.url" value="https://github.com/Homebrew/homebrew-core/issues"/>
    <property name="user.timezone" value="Europe/London"/>
    <property name="logging.initial-configurator.min-level" value="500"/>
    <property name="os.name" value="Mac OS X"/>
    <property name="java.vm.specification.version" value="21"/>
    <property name="sun.java.launcher" value="SUN_STANDARD"/>
    <property name="user.country" value="GB"/>
    <property name="groovy.use.classvalue" value="false"/>
    <property name="sun.boot.library.path" value="/opt/homebrew/Cellar/openjdk@21/21.0.4/libexec/openjdk.jdk/Contents/Home/lib"/>
    <property name="sun.java.command" value="/Users/starnold/code/summit2024/store-app/store-camera/target/surefire/surefirebooter-20240812102712908_3.jar /Users/starnold/code/summit2024/store-app/store-camera/target/surefire 2024-08-12T10-27-12_869-jvmRun1 surefire-20240812102712908_1tmp surefire_0-20240812102712908_2tmp"/>
    <property name="http.nonProxyHosts" value="local|*.local|169.254/16|*.169.254/16"/>
    <property name="jdk.debug" value="release"/>
    <property name="maven.home" value="/Users/starnold/.m2/wrapper/dists/apache-maven-3.9.6-bin/3311e1d4/apache-maven-3.9.6"/>
    <property name="surefire.test.class.path" value="/Users/starnold/code/summit2024/store-app/store-camera/target/test-classes:/Users/starnold/code/summit2024/store-app/store-camera/target/classes:/Users/starnold/.m2/repository/com/github/sarxos/webcam-capture/0.3.12/webcam-capture-0.3.12.jar:/Users/starnold/.m2/repository/com/nativelibs4java/bridj/0.7.0/bridj-0.7.0.jar:/Users/starnold/.m2/repository/org/slf4j/slf4j-api/2.0.6/slf4j-api-2.0.6.jar:/Users/starnold/.m2/repository/io/quarkus/quarkus-rest/3.11.3/quarkus-rest-3.11.3.jar:/Users/starnold/.m2/repository/io/quarkus/quarkus-rest-common/3.11.3/quarkus-rest-common-3.11.3.jar:/Users/starnold/.m2/repository/io/quarkus/resteasy/reactive/resteasy-reactive-common/3.11.3/resteasy-reactive-common-3.11.3.jar:/Users/starnold/.m2/repository/io/quarkus/resteasy/reactive/resteasy-reactive-common-types/3.11.3/resteasy-reactive-common-types-3.11.3.jar:/Users/starnold/.m2/repository/io/smallrye/reactive/mutiny/2.6.0/mutiny-2.6.0.jar:/Users/starnold/.m2/repository/org/jctools/jctools-core/4.0.3/jctools-core-4.0.3.jar:/Users/starnold/.m2/repository/org/reactivestreams/reactive-streams/1.0.4/reactive-streams-1.0.4.jar:/Users/starnold/.m2/repository/io/smallrye/reactive/mutiny-zero-flow-adapters/1.1.0/mutiny-zero-flow-adapters-1.1.0.jar:/Users/starnold/.m2/repository/io/quarkus/quarkus-mutiny/3.11.3/quarkus-mutiny-3.11.3.jar:/Users/starnold/.m2/repository/io/quarkus/quarkus-smallrye-context-propagation/3.11.3/quarkus-smallrye-context-propagation-3.11.3.jar:/Users/starnold/.m2/repository/io/smallrye/smallrye-context-propagation/2.1.2/smallrye-context-propagation-2.1.2.jar:/Users/starnold/.m2/repository/io/smallrye/smallrye-context-propagation-api/2.1.2/smallrye-context-propagation-api-2.1.2.jar:/Users/starnold/.m2/repository/io/smallrye/smallrye-context-propagation-storage/2.1.2/smallrye-context-propagation-storage-2.1.2.jar:/Users/starnold/.m2/repository/io/smallrye/reactive/mutiny-smallrye-context-propagation/2.6.0/mutiny-smallrye-context-propagation-2.6.0.jar:/Users/starnold/.m2/repository/io/quarkus/resteasy/reactive/resteasy-reactive-vertx/3.11.3/resteasy-reactive-vertx-3.11.3.jar:/Users/starnold/.m2/repository/io/vertx/vertx-web/4.5.7/vertx-web-4.5.7.jar:/Users/starnold/.m2/repository/io/vertx/vertx-web-common/4.5.7/vertx-web-common-4.5.7.jar:/Users/starnold/.m2/repository/io/vertx/vertx-auth-common/4.5.7/vertx-auth-common-4.5.7.jar:/Users/starnold/.m2/repository/io/vertx/vertx-bridge-common/4.5.7/vertx-bridge-common-4.5.7.jar:/Users/starnold/.m2/repository/io/smallrye/reactive/smallrye-mutiny-vertx-core/3.12.0/smallrye-mutiny-vertx-core-3.12.0.jar:/Users/starnold/.m2/repository/io/smallrye/reactive/smallrye-mutiny-vertx-runtime/3.12.0/smallrye-mutiny-vertx-runtime-3.12.0.jar:/Users/starnold/.m2/repository/io/smallrye/reactive/vertx-mutiny-generator/3.12.0/vertx-mutiny-generator-3.12.0.jar:/Users/starnold/.m2/repository/io/vertx/vertx-codegen/4.5.7/vertx-codegen-4.5.7.jar:/Users/starnold/.m2/repository/io/quarkus/resteasy/reactive/resteasy-reactive/3.11.3/resteasy-reactive-3.11.3.jar:/Users/starnold/.m2/repository/jakarta/enterprise/jakarta.enterprise.cdi-api/4.1.0/jakarta.enterprise.cdi-api-4.1.0.jar:/Users/starnold/.m2/repository/jakarta/enterprise/jakarta.enterprise.lang-model/4.1.0/jakarta.enterprise.lang-model-4.1.0.jar:/Users/starnold/.m2/repository/jakarta/interceptor/jakarta.interceptor-api/2.2.0/jakarta.interceptor-api-2.2.0.jar:/Users/starnold/.m2/repository/jakarta/ws/rs/jakarta.ws.rs-api/3.1.0/jakarta.ws.rs-api-3.1.0.jar:/Users/starnold/.m2/repository/jakarta/annotation/jakarta.annotation-api/3.0.0/jakarta.annotation-api-3.0.0.jar:/Users/starnold/.m2/repository/org/jboss/logging/commons-logging-jboss-logging/1.0.0.Final/commons-logging-jboss-logging-1.0.0.Final.jar:/Users/starnold/.m2/repository/jakarta/xml/bind/jakarta.xml.bind-api/4.0.2/jakarta.xml.bind-api-4.0.2.jar:/Users/starnold/.m2/repository/jakarta/activation/jakarta.activation-api/2.1.3/jakarta.activation-api-2.1.3.jar:/Users/starnold/.m2/repository/org/jboss/logging/jboss-logging/3.5.3.Final/jboss-logging-3.5.3.Final.jar:/Users/starnold/.m2/repository/io/quarkus/quarkus-vertx-http/3.11.3/quarkus-vertx-http-3.11.3.jar:/Users/starnold/.m2/repository/io/quarkus/quarkus-security-runtime-spi/3.11.3/quarkus-security-runtime-spi-3.11.3.jar:/Users/starnold/.m2/repository/io/quarkus/quarkus-credentials/3.11.3/quarkus-credentials-3.11.3.jar:/Users/starnold/.m2/repository/io/smallrye/common/smallrye-common-vertx-context/2.3.0/smallrye-common-vertx-context-2.3.0.jar:/Users/starnold/.m2/repository/io/smallrye/common/smallrye-common-constraint/2.3.0/smallrye-common-constraint-2.3.0.jar:/Users/starnold/.m2/repository/io/quarkus/security/quarkus-security/2.0.3.Final/quarkus-security-2.0.3.Final.jar:/Users/starnold/.m2/repository/io/smallrye/reactive/smallrye-mutiny-vertx-web/3.12.0/smallrye-mutiny-vertx-web-3.12.0.jar:/Users/starnold/.m2/repository/io/smallrye/reactive/smallrye-mutiny-vertx-web-common/3.12.0/smallrye-mutiny-vertx-web-common-3.12.0.jar:/Users/starnold/.m2/repository/io/smallrye/reactive/smallrye-mutiny-vertx-auth-common/3.12.0/smallrye-mutiny-vertx-auth-common-3.12.0.jar:/Users/starnold/.m2/repository/io/smallrye/reactive/smallrye-mutiny-vertx-bridge-common/3.12.0/smallrye-mutiny-vertx-bridge-common-3.12.0.jar:/Users/starnold/.m2/repository/io/smallrye/reactive/smallrye-mutiny-vertx-uri-template/3.12.0/smallrye-mutiny-vertx-uri-template-3.12.0.jar:/Users/starnold/.m2/repository/io/vertx/vertx-uri-template/4.5.7/vertx-uri-template-4.5.7.jar:/Users/starnold/.m2/repository/io/github/crac/org-crac/0.1.3/org-crac-0.1.3.jar:/Users/starnold/.m2/repository/io/quarkus/quarkus-jsonp/3.11.3/quarkus-jsonp-3.11.3.jar:/Users/starnold/.m2/repository/org/eclipse/parsson/parsson/1.1.6/parsson-1.1.6.jar:/Users/starnold/.m2/repository/jakarta/json/jakarta.json-api/2.1.3/jakarta.json-api-2.1.3.jar:/Users/starnold/.m2/repository/io/quarkus/quarkus-virtual-threads/3.11.3/quarkus-virtual-threads-3.11.3.jar:/Users/starnold/.m2/repository/io/vertx/vertx-core/4.5.7/vertx-core-4.5.7.jar:/Users/starnold/.m2/repository/io/netty/netty-common/4.1.108.Final/netty-common-4.1.108.Final.jar:/Users/starnold/.m2/repository/io/netty/netty-buffer/4.1.108.Final/netty-buffer-4.1.108.Final.jar:/Users/starnold/.m2/repository/io/netty/netty-transport/4.1.108.Final/netty-transport-4.1.108.Final.jar:/Users/starnold/.m2/repository/io/netty/netty-handler/4.1.108.Final/netty-handler-4.1.108.Final.jar:/Users/starnold/.m2/repository/io/netty/netty-transport-native-unix-common/4.1.108.Final/netty-transport-native-unix-common-4.1.108.Final.jar:/Users/starnold/.m2/repository/io/netty/netty-handler-proxy/4.1.108.Final/netty-handler-proxy-4.1.108.Final.jar:/Users/starnold/.m2/repository/io/netty/netty-codec-socks/4.1.108.Final/netty-codec-socks-4.1.108.Final.jar:/Users/starnold/.m2/repository/io/netty/netty-codec-http/4.1.108.Final/netty-codec-http-4.1.108.Final.jar:/Users/starnold/.m2/repository/io/netty/netty-codec-http2/4.1.108.Final/netty-codec-http2-4.1.108.Final.jar:/Users/starnold/.m2/repository/io/netty/netty-resolver/4.1.108.Final/netty-resolver-4.1.108.Final.jar:/Users/starnold/.m2/repository/io/netty/netty-resolver-dns/4.1.108.Final/netty-resolver-dns-4.1.108.Final.jar:/Users/starnold/.m2/repository/io/netty/netty-codec-dns/4.1.108.Final/netty-codec-dns-4.1.108.Final.jar:/Users/starnold/.m2/repository/com/fasterxml/jackson/core/jackson-core/2.17.1/jackson-core-2.17.1.jar:/Users/starnold/.m2/repository/io/quarkus/quarkus-junit5/3.11.3/quarkus-junit5-3.11.3.jar:/Users/starnold/.m2/repository/io/quarkus/quarkus-bootstrap-core/3.11.3/quarkus-bootstrap-core-3.11.3.jar:/Users/starnold/.m2/repository/io/quarkus/quarkus-classloader-commons/3.11.3/quarkus-classloader-commons-3.11.3.jar:/Users/starnold/.m2/repository/io/quarkus/quarkus-bootstrap-app-model/3.11.3/quarkus-bootstrap-app-model-3.11.3.jar:/Users/starnold/.m2/repository/io/smallrye/common/smallrye-common-io/2.3.0/smallrye-common-io-2.3.0.jar:/Users/starnold/.m2/repository/org/eclipse/sisu/org.eclipse.sisu.inject/0.9.0.M2/org.eclipse.sisu.inject-0.9.0.M2.jar:/Users/starnold/.m2/repository/io/quarkus/quarkus-test-common/3.11.3/quarkus-test-common-3.11.3.jar:/Users/starnold/.m2/repository/io/quarkus/quarkus-core-deployment/3.11.3/quarkus-core-deployment-3.11.3.jar:/Users/starnold/.m2/repository/org/aesh/readline/2.4/readline-2.4.jar:/Users/starnold/.m2/repository/org/fusesource/jansi/jansi/2.4.0/jansi-2.4.0.jar:/Users/starnold/.m2/repository/org/aesh/aesh/2.7/aesh-2.7.jar:/Users/starnold/.m2/repository/io/quarkus/gizmo/gizmo/1.8.0/gizmo-1.8.0.jar:/Users/starnold/.m2/repository/org/ow2/asm/asm-util/9.7/asm-util-9.7.jar:/Users/starnold/.m2/repository/org/ow2/asm/asm-analysis/9.7/asm-analysis-9.7.jar:/Users/starnold/.m2/repository/org/ow2/asm/asm/9.7/asm-9.7.jar:/Users/starnold/.m2/repository/org/ow2/asm/asm-commons/9.7/asm-commons-9.7.jar:/Users/starnold/.m2/repository/org/ow2/asm/asm-tree/9.7/asm-tree-9.7.jar:/Users/starnold/.m2/repository/io/quarkus/quarkus-hibernate-validator-spi/3.11.3/quarkus-hibernate-validator-spi-3.11.3.jar:/Users/starnold/.m2/repository/io/quarkus/quarkus-class-change-agent/3.11.3/quarkus-class-change-agent-3.11.3.jar:/Users/starnold/.m2/repository/io/quarkus/quarkus-devtools-utilities/3.11.3/quarkus-devtools-utilities-3.11.3.jar:/Users/starnold/.m2/repository/io/quarkus/quarkus-builder/3.11.3/quarkus-builder-3.11.3.jar:/Users/starnold/.m2/repository/org/graalvm/sdk/nativeimage/23.1.2/nativeimage-23.1.2.jar:/Users/starnold/.m2/repository/org/graalvm/sdk/word/23.1.2/word-23.1.2.jar:/Users/starnold/.m2/repository/org/junit/platform/junit-platform-launcher/1.10.2/junit-platform-launcher-1.10.2.jar:/Users/starnold/.m2/repository/io/quarkus/quarkus-bootstrap-maven-resolver/3.11.3/quarkus-bootstrap-maven-resolver-3.11.3.jar:/Users/starnold/.m2/repository/io/smallrye/beanbag/smallrye-beanbag-maven/1.5.2/smallrye-beanbag-maven-1.5.2.jar:/Users/starnold/.m2/repository/io/smallrye/beanbag/smallrye-beanbag-sisu/1.5.2/smallrye-beanbag-sisu-1.5.2.jar:/Users/starnold/.m2/repository/io/smallrye/beanbag/smallrye-beanbag/1.5.2/smallrye-beanbag-1.5.2.jar:/Users/starnold/.m2/repository/javax/inject/javax.inject/1/javax.inject-1.jar:/Users/starnold/.m2/repository/org/apache/maven/maven-artifact/3.9.6/maven-artifact-3.9.6.jar:/Users/starnold/.m2/repository/org/apache/maven/maven-builder-support/3.9.6/maven-builder-support-3.9.6.jar:/Users/starnold/.m2/repository/org/apache/maven/maven-model/3.9.6/maven-model-3.9.6.jar:/Users/starnold/.m2/repository/org/apache/maven/maven-model-builder/3.9.6/maven-model-builder-3.9.6.jar:/Users/starnold/.m2/repository/org/apache/maven/maven-repository-metadata/3.9.6/maven-repository-metadata-3.9.6.jar:/Users/starnold/.m2/repository/org/apache/maven/maven-settings/3.9.6/maven-settings-3.9.6.jar:/Users/starnold/.m2/repository/org/apache/maven/resolver/maven-resolver-api/1.9.18/maven-resolver-api-1.9.18.jar:/Users/starnold/.m2/repository/org/apache/maven/resolver/maven-resolver-impl/1.9.18/maven-resolver-impl-1.9.18.jar:/Users/starnold/.m2/repository/org/apache/maven/resolver/maven-resolver-named-locks/1.9.18/maven-resolver-named-locks-1.9.18.jar:/Users/starnold/.m2/repository/org/apache/maven/resolver/maven-resolver-spi/1.9.18/maven-resolver-spi-1.9.18.jar:/Users/starnold/.m2/repository/org/apache/maven/resolver/maven-resolver-util/1.9.18/maven-resolver-util-1.9.18.jar:/Users/starnold/.m2/repository/org/apache/maven/resolver/maven-resolver-transport-http/1.9.20/maven-resolver-transport-http-1.9.20.jar:/Users/starnold/.m2/repository/org/apache/maven/wagon/wagon-provider-api/3.5.3/wagon-provider-api-3.5.3.jar:/Users/starnold/.m2/repository/org/apache/maven/wagon/wagon-http-shared/3.5.3/wagon-http-shared-3.5.3.jar:/Users/starnold/.m2/repository/org/codehaus/plexus/plexus-interpolation/1.26/plexus-interpolation-1.26.jar:/Users/starnold/.m2/repository/org/codehaus/plexus/plexus-utils/3.5.1/plexus-utils-3.5.1.jar:/Users/starnold/.m2/repository/org/codehaus/plexus/plexus-xml/4.0.1/plexus-xml-4.0.1.jar:/Users/starnold/.m2/repository/org/apache/maven/maven-xml-impl/4.0.0-alpha-5/maven-xml-impl-4.0.0-alpha-5.jar:/Users/starnold/.m2/repository/org/apache/maven/maven-api-xml/4.0.0-alpha-5/maven-api-xml-4.0.0-alpha-5.jar:/Users/starnold/.m2/repository/org/apache/maven/maven-api-meta/4.0.0-alpha-5/maven-api-meta-4.0.0-alpha-5.jar:/Users/starnold/.m2/repository/org/codehaus/plexus/plexus-cipher/2.0/plexus-cipher-2.0.jar:/Users/starnold/.m2/repository/org/codehaus/plexus/plexus-sec-dispatcher/2.0/plexus-sec-dispatcher-2.0.jar:/Users/starnold/.m2/repository/org/apache/maven/maven-embedder/3.9.6/maven-embedder-3.9.6.jar:/Users/starnold/.m2/repository/org/apache/maven/maven-core/3.9.6/maven-core-3.9.6.jar:/Users/starnold/.m2/repository/org/codehaus/plexus/plexus-component-annotations/2.1.0/plexus-component-annotations-2.1.0.jar:/Users/starnold/.m2/repository/org/apache/maven/maven-plugin-api/3.9.6/maven-plugin-api-3.9.6.jar:/Users/starnold/.m2/repository/org/apache/maven/shared/maven-shared-utils/3.3.4/maven-shared-utils-3.3.4.jar:/Users/starnold/.m2/repository/com/google/inject/guice/5.1.0/guice-5.1.0.jar:/Users/starnold/.m2/repository/aopalliance/aopalliance/1.0/aopalliance-1.0.jar:/Users/starnold/.m2/repository/com/google/guava/guava/33.2.0-jre/guava-33.2.0-jre.jar:/Users/starnold/.m2/repository/com/google/guava/failureaccess/1.0.1/failureaccess-1.0.1.jar:/Users/starnold/.m2/repository/javax/annotation/javax.annotation-api/1.3.2/javax.annotation-api-1.3.2.jar:/Users/starnold/.m2/repository/org/codehaus/plexus/plexus-classworlds/2.6.0/plexus-classworlds-2.6.0.jar:/Users/starnold/.m2/repository/commons-cli/commons-cli/1.5.0/commons-cli-1.5.0.jar:/Users/starnold/.m2/repository/org/eclipse/sisu/org.eclipse.sisu.plexus/0.9.0.M2/org.eclipse.sisu.plexus-0.9.0.M2.jar:/Users/starnold/.m2/repository/org/apache/maven/maven-settings-builder/3.9.6/maven-settings-builder-3.9.6.jar:/Users/starnold/.m2/repository/org/apache/maven/maven-resolver-provider/3.9.6/maven-resolver-provider-3.9.6.jar:/Users/starnold/.m2/repository/org/apache/maven/resolver/maven-resolver-connector-basic/1.9.18/maven-resolver-connector-basic-1.9.18.jar:/Users/starnold/.m2/repository/org/apache/maven/resolver/maven-resolver-transport-wagon/1.9.18/maven-resolver-transport-wagon-1.9.18.jar:/Users/starnold/.m2/repository/org/apache/maven/wagon/wagon-http/3.5.3/wagon-http-3.5.3.jar:/Users/starnold/.m2/repository/org/apache/maven/wagon/wagon-file/3.5.3/wagon-file-3.5.3.jar:/Users/starnold/.m2/repository/io/quarkus/quarkus-bootstrap-gradle-resolver/3.11.3/quarkus-bootstrap-gradle-resolver-3.11.3.jar:/Users/starnold/.m2/repository/io/smallrye/jandex/3.1.8/jandex-3.1.8.jar:/Users/starnold/.m2/repository/io/quarkus/quarkus-junit5-properties/3.11.3/quarkus-junit5-properties-3.11.3.jar:/Users/starnold/.m2/repository/org/junit/jupiter/junit-jupiter/5.10.2/junit-jupiter-5.10.2.jar:/Users/starnold/.m2/repository/org/junit/jupiter/junit-jupiter-api/5.10.2/junit-jupiter-api-5.10.2.jar:/Users/starnold/.m2/repository/org/opentest4j/opentest4j/1.3.0/opentest4j-1.3.0.jar:/Users/starnold/.m2/repository/org/junit/platform/junit-platform-commons/1.10.2/junit-platform-commons-1.10.2.jar:/Users/starnold/.m2/repository/org/apiguardian/apiguardian-api/1.1.2/apiguardian-api-1.1.2.jar:/Users/starnold/.m2/repository/org/junit/jupiter/junit-jupiter-params/5.10.2/junit-jupiter-params-5.10.2.jar:/Users/starnold/.m2/repository/org/junit/jupiter/junit-jupiter-engine/5.10.2/junit-jupiter-engine-5.10.2.jar:/Users/starnold/.m2/repository/org/junit/platform/junit-platform-engine/1.10.2/junit-platform-engine-1.10.2.jar:/Users/starnold/.m2/repository/io/quarkus/quarkus-core/3.11.3/quarkus-core-3.11.3.jar:/Users/starnold/.m2/repository/jakarta/inject/jakarta.inject-api/2.0.1/jakarta.inject-api-2.0.1.jar:/Users/starnold/.m2/repository/io/smallrye/common/smallrye-common-os/2.3.0/smallrye-common-os-2.3.0.jar:/Users/starnold/.m2/repository/io/quarkus/quarkus-ide-launcher/3.11.3/quarkus-ide-launcher-3.11.3.jar:/Users/starnold/.m2/repository/io/quarkus/quarkus-development-mode-spi/3.11.3/quarkus-development-mode-spi-3.11.3.jar:/Users/starnold/.m2/repository/io/smallrye/config/smallrye-config/3.8.1/smallrye-config-3.8.1.jar:/Users/starnold/.m2/repository/io/smallrye/config/smallrye-config-core/3.8.1/smallrye-config-core-3.8.1.jar:/Users/starnold/.m2/repository/org/eclipse/microprofile/config/microprofile-config-api/3.1/microprofile-config-api-3.1.jar:/Users/starnold/.m2/repository/io/smallrye/common/smallrye-common-classloader/2.3.0/smallrye-common-classloader-2.3.0.jar:/Users/starnold/.m2/repository/io/smallrye/config/smallrye-config-common/3.8.1/smallrye-config-common-3.8.1.jar:/Users/starnold/.m2/repository/org/jboss/logmanager/jboss-logmanager/3.0.6.Final/jboss-logmanager-3.0.6.Final.jar:/Users/starnold/.m2/repository/io/smallrye/common/smallrye-common-cpu/2.3.0/smallrye-common-cpu-2.3.0.jar:/Users/starnold/.m2/repository/io/smallrye/common/smallrye-common-expression/2.3.0/smallrye-common-expression-2.3.0.jar:/Users/starnold/.m2/repository/io/smallrye/common/smallrye-common-function/2.3.0/smallrye-common-function-2.3.0.jar:/Users/starnold/.m2/repository/io/smallrye/common/smallrye-common-net/2.3.0/smallrye-common-net-2.3.0.jar:/Users/starnold/.m2/repository/io/smallrye/common/smallrye-common-ref/2.3.0/smallrye-common-ref-2.3.0.jar:/Users/starnold/.m2/repository/org/jboss/logging/jboss-logging-annotations/2.2.1.Final/jboss-logging-annotations-2.2.1.Final.jar:/Users/starnold/.m2/repository/org/jboss/threads/jboss-threads/3.6.1.Final/jboss-threads-3.6.1.Final.jar:/Users/starnold/.m2/repository/org/wildfly/common/wildfly-common/1.7.0.Final/wildfly-common-1.7.0.Final.jar:/Users/starnold/.m2/repository/io/quarkus/quarkus-bootstrap-runner/3.11.3/quarkus-bootstrap-runner-3.11.3.jar:/Users/starnold/.m2/repository/io/quarkus/quarkus-fs-util/0.0.10/quarkus-fs-util-0.0.10.jar:/Users/starnold/.m2/repository/com/thoughtworks/xstream/xstream/1.4.20/xstream-1.4.20.jar:/Users/starnold/.m2/repository/io/github/x-stream/mxparser/1.2.2/mxparser-1.2.2.jar:/Users/starnold/.m2/repository/xmlpull/xmlpull/1.1.3.1/xmlpull-1.1.3.1.jar:/Users/starnold/.m2/repository/io/rest-assured/rest-assured/5.4.0/rest-assured-5.4.0.jar:/Users/starnold/.m2/repository/org/apache/groovy/groovy/4.0.16/groovy-4.0.16.jar:/Users/starnold/.m2/repository/org/apache/groovy/groovy-xml/4.0.16/groovy-xml-4.0.16.jar:/Users/starnold/.m2/repository/org/apache/httpcomponents/httpclient/4.5.14/httpclient-4.5.14.jar:/Users/starnold/.m2/repository/org/apache/httpcomponents/httpcore/4.4.16/httpcore-4.4.16.jar:/Users/starnold/.m2/repository/commons-codec/commons-codec/1.17.0/commons-codec-1.17.0.jar:/Users/starnold/.m2/repository/org/apache/httpcomponents/httpmime/4.5.14/httpmime-4.5.14.jar:/Users/starnold/.m2/repository/org/hamcrest/hamcrest/2.2/hamcrest-2.2.jar:/Users/starnold/.m2/repository/org/ccil/cowan/tagsoup/tagsoup/1.2.1/tagsoup-1.2.1.jar:/Users/starnold/.m2/repository/io/rest-assured/json-path/5.4.0/json-path-5.4.0.jar:/Users/starnold/.m2/repository/org/apache/groovy/groovy-json/4.0.16/groovy-json-4.0.16.jar:/Users/starnold/.m2/repository/io/rest-assured/rest-assured-common/5.4.0/rest-assured-common-5.4.0.jar:/Users/starnold/.m2/repository/io/rest-assured/xml-path/5.4.0/xml-path-5.4.0.jar:/Users/starnold/.m2/repository/org/apache/commons/commons-lang3/3.14.0/commons-lang3-3.14.0.jar:/Users/starnold/.m2/repository/io/quarkus/quarkus-scheduler/3.11.3/quarkus-scheduler-3.11.3.jar:/Users/starnold/.m2/repository/io/quarkus/quarkus-scheduler-kotlin/3.11.3/quarkus-scheduler-kotlin-3.11.3.jar:/Users/starnold/.m2/repository/io/quarkus/quarkus-scheduler-common/3.11.3/quarkus-scheduler-common-3.11.3.jar:/Users/starnold/.m2/repository/io/quarkus/quarkus-scheduler-api/3.11.3/quarkus-scheduler-api-3.11.3.jar:/Users/starnold/.m2/repository/io/quarkus/quarkus-scheduler-spi/3.11.3/quarkus-scheduler-spi-3.11.3.jar:/Users/starnold/.m2/repository/io/opentelemetry/instrumentation/opentelemetry-instrumentation-api/1.32.0/opentelemetry-instrumentation-api-1.32.0.jar:/Users/starnold/.m2/repository/io/opentelemetry/opentelemetry-api/1.32.0/opentelemetry-api-1.32.0.jar:/Users/starnold/.m2/repository/io/opentelemetry/opentelemetry-context/1.32.0/opentelemetry-context-1.32.0.jar:/Users/starnold/.m2/repository/io/opentelemetry/opentelemetry-extension-incubator/1.32.0-alpha/opentelemetry-extension-incubator-1.32.0-alpha.jar:/Users/starnold/.m2/repository/com/cronutils/cron-utils/9.2.1/cron-utils-9.2.1.jar:/Users/starnold/.m2/repository/io/quarkus/quarkus-arc/3.11.3/quarkus-arc-3.11.3.jar:/Users/starnold/.m2/repository/io/quarkus/arc/arc/3.11.3/arc-3.11.3.jar:/Users/starnold/.m2/repository/jakarta/transaction/jakarta.transaction-api/2.0.1/jakarta.transaction-api-2.0.1.jar:/Users/starnold/.m2/repository/org/eclipse/microprofile/context-propagation/microprofile-context-propagation-api/1.3/microprofile-context-propagation-api-1.3.jar:/Users/starnold/.m2/repository/io/quarkus/quarkus-vertx/3.11.3/quarkus-vertx-3.11.3.jar:/Users/starnold/.m2/repository/io/quarkus/quarkus-netty/3.11.3/quarkus-netty-3.11.3.jar:/Users/starnold/.m2/repository/io/netty/netty-codec/4.1.108.Final/netty-codec-4.1.108.Final.jar:/Users/starnold/.m2/repository/com/aayushatharva/brotli4j/brotli4j/1.16.0/brotli4j-1.16.0.jar:/Users/starnold/.m2/repository/com/aayushatharva/brotli4j/service/1.16.0/service-1.16.0.jar:/Users/starnold/.m2/repository/com/aayushatharva/brotli4j/native-osx-aarch64/1.16.0/native-osx-aarch64-1.16.0.jar:/Users/starnold/.m2/repository/io/netty/netty-codec-haproxy/4.1.108.Final/netty-codec-haproxy-4.1.108.Final.jar:/Users/starnold/.m2/repository/io/smallrye/common/smallrye-common-annotation/2.3.0/smallrye-common-annotation-2.3.0.jar:/Users/starnold/.m2/repository/io/quarkus/quarkus-vertx-latebound-mdc-provider/3.11.3/quarkus-vertx-latebound-mdc-provider-3.11.3.jar:/Users/starnold/.m2/repository/io/smallrye/smallrye-fault-tolerance-vertx/6.3.0/smallrye-fault-tolerance-vertx-6.3.0.jar:/Users/starnold/.m2/repository/org/jboss/slf4j/slf4j-jboss-logmanager/2.0.0.Final/slf4j-jboss-logmanager-2.0.0.Final.jar:/Users/starnold/.m2/repository/org/glassfish/expressly/expressly/5.0.0/expressly-5.0.0.jar:/Users/starnold/.m2/repository/jakarta/el/jakarta.el-api/5.0.1/jakarta.el-api-5.0.1.jar:/Users/starnold/.m2/repository/io/quarkus/quarkus-rest-jackson/3.11.3/quarkus-rest-jackson-3.11.3.jar:/Users/starnold/.m2/repository/io/quarkus/quarkus-rest-jackson-common/3.11.3/quarkus-rest-jackson-common-3.11.3.jar:/Users/starnold/.m2/repository/io/quarkus/quarkus-jackson/3.11.3/quarkus-jackson-3.11.3.jar:/Users/starnold/.m2/repository/com/fasterxml/jackson/datatype/jackson-datatype-jsr310/2.17.1/jackson-datatype-jsr310-2.17.1.jar:/Users/starnold/.m2/repository/com/fasterxml/jackson/datatype/jackson-datatype-jdk8/2.17.1/jackson-datatype-jdk8-2.17.1.jar:/Users/starnold/.m2/repository/com/fasterxml/jackson/module/jackson-module-parameter-names/2.17.1/jackson-module-parameter-names-2.17.1.jar:/Users/starnold/.m2/repository/io/quarkus/quarkus-rest-client-jackson/3.11.3/quarkus-rest-client-jackson-3.11.3.jar:/Users/starnold/.m2/repository/io/quarkus/resteasy/reactive/resteasy-reactive-jackson/3.11.3/resteasy-reactive-jackson-3.11.3.jar:/Users/starnold/.m2/repository/com/fasterxml/jackson/core/jackson-databind/2.17.1/jackson-databind-2.17.1.jar:/Users/starnold/.m2/repository/com/fasterxml/jackson/core/jackson-annotations/2.17.1/jackson-annotations-2.17.1.jar:/Users/starnold/.m2/repository/io/quarkus/quarkus-rest-client/3.11.3/quarkus-rest-client-3.11.3.jar:/Users/starnold/.m2/repository/io/quarkus/quarkus-rest-client-jaxrs/3.11.3/quarkus-rest-client-jaxrs-3.11.3.jar:/Users/starnold/.m2/repository/io/quarkus/resteasy/reactive/resteasy-reactive-client/3.11.3/resteasy-reactive-client-3.11.3.jar:/Users/starnold/.m2/repository/io/vertx/vertx-web-client/4.5.7/vertx-web-client-4.5.7.jar:/Users/starnold/.m2/repository/io/quarkus/quarkus-smallrye-stork/3.11.3/quarkus-smallrye-stork-3.11.3.jar:/Users/starnold/.m2/repository/io/quarkus/quarkus-rest-client-config/3.11.3/quarkus-rest-client-config-3.11.3.jar:/Users/starnold/.m2/repository/io/smallrye/stork/stork-api/2.6.0/stork-api-2.6.0.jar:/Users/starnold/.m2/repository/io/smallrye/stork/stork-core/2.6.0/stork-core-2.6.0.jar:/Users/starnold/.m2/repository/org/eclipse/microprofile/rest/client/microprofile-rest-client-api/3.0.1/microprofile-rest-client-api-3.0.1.jar:/Users/starnold/.m2/repository/commons-io/commons-io/2.16.1/commons-io-2.16.1.jar:"/>
    <property name="sun.cpu.endian" value="little"/>
    <property name="vertx.disableWebsockets" value="true"/>
    <property name="user.home" value="/Users/starnold"/>
    <property name="user.language" value="en"/>
    <property name="jboss.log-version" value="false"/>
    <property name="java.specification.vendor" value="Oracle Corporation"/>
    <property name="io.netty.allocator.maxOrder" value="3"/>
    <property name="java.version.date" value="2024-07-16"/>
    <property name="java.home" value="/opt/homebrew/Cellar/openjdk@21/21.0.4/libexec/openjdk.jdk/Contents/Home"/>
    <property name="file.separator" value="/"/>
    <property name="basedir" value="/Users/starnold/code/summit2024/store-app/store-camera"/>
    <property name="java.vm.compressedOopsMode" value="Zero based"/>
    <property name="line.separator" value="&#10;"/>
    <property name="java.vm.specification.vendor" value="Oracle Corporation"/>
    <property name="java.specification.name" value="Java Platform API Specification"/>
    <property name="apple.awt.application.name" value="ForkedBooter"/>
    <property name="surefire.real.class.path" value="/Users/starnold/code/summit2024/store-app/store-camera/target/surefire/surefirebooter-20240812102712908_3.jar"/>
    <property name="sun.management.compiler" value="HotSpot 64-Bit Tiered Compilers"/>
    <property name="ftp.nonProxyHosts" value="local|*.local|169.254/16|*.169.254/16"/>
    <property name="java.runtime.version" value="21.0.4"/>
    <property name="user.name" value="starnold"/>
    <property name="stdout.encoding" value="UTF-8"/>
    <property name="path.separator" value=":"/>
    <property name="os.version" value="14.6"/>
    <property name="java.runtime.name" value="OpenJDK Runtime Environment"/>
    <property name="file.encoding" value="UTF-8"/>
    <property name="java.vm.name" value="OpenJDK 64-Bit Server VM"/>
    <property name="java.vendor.version" value="Homebrew"/>
    <property name="localRepository" value="/Users/starnold/.m2/repository"/>
    <property name="java.vendor.url.bug" value="https://github.com/Homebrew/homebrew-core/issues"/>
    <property name="java.io.tmpdir" value="/var/folders/8g/6h_5hcqj269b56hftp4nz7y00000gn/T/"/>
    <property name="quarkus.log.file.path" value="target/quarkus.log"/>
    <property name="java.version" value="21.0.4"/>
    <property name="java.util.concurrent.ForkJoinPool.common.threadFactory" value="io.quarkus.bootstrap.forkjoin.QuarkusForkJoinWorkerThreadFactory"/>
    <property name="user.dir" value="/Users/starnold/code/summit2024/store-app/store-camera"/>
    <property name="os.arch" value="aarch64"/>
    <property name="java.vm.specification.name" value="Java Virtual Machine Specification"/>
    <property name="vertx.disableDnsResolver" value="true"/>
    <property name="native.encoding" value="UTF-8"/>
    <property name="java.util.logging.manager" value="org.jboss.logmanager.LogManager"/>
    <property name="java.library.path" value="/Users/starnold/Library/Java/Extensions:/Library/Java/Extensions:/Network/Library/Java/Extensions:/System/Library/Java/Extensions:/usr/lib/java:."/>
    <property name="java.vm.info" value="mixed mode, sharing"/>
    <property name="stderr.encoding" value="UTF-8"/>
    <property name="java.vendor" value="Homebrew"/>
    <property name="vertx.disableTCCL" value="true"/>
    <property name="java.vm.version" value="21.0.4"/>
    <property name="sun.io.unicode.encoding" value="UnicodeBig"/>
    <property name="io.netty.machineId" value="32:d9:b0:13:1f:a8:d2:ad"/>
    <property name="socksNonProxyHosts" value="local|*.local|169.254/16|*.169.254/16"/>
    <property name="java.class.version" value="65.0"/>
  </properties>
  <testcase name="testHelloEndpoint" classname="org.acme.GreetingResourceTest" time="0.402">
    <failure message="1 expectation failed.&#10;Expected status code &lt;200&gt; but was &lt;404&gt;.&#10;" type="java.lang.AssertionError"><![CDATA[java.lang.AssertionError: 
1 expectation failed.
Expected status code <200> but was <404>.

	at java.base/jdk.internal.reflect.DirectConstructorHandleAccessor.newInstance(DirectConstructorHandleAccessor.java:62)
	at java.base/java.lang.reflect.Constructor.newInstanceWithCaller(Constructor.java:502)
	at java.base/java.lang.reflect.Constructor.newInstance(Constructor.java:486)
	at org.codehaus.groovy.reflection.CachedConstructor.invoke(CachedConstructor.java:73)
	at org.codehaus.groovy.runtime.callsite.ConstructorSite$ConstructorSiteNoUnwrapNoCoerce.callConstructor(ConstructorSite.java:108)
	at org.codehaus.groovy.runtime.callsite.CallSiteArray.defaultCallConstructor(CallSiteArray.java:57)
	at org.codehaus.groovy.runtime.callsite.AbstractCallSite.callConstructor(AbstractCallSite.java:263)
	at org.codehaus.groovy.runtime.callsite.AbstractCallSite.callConstructor(AbstractCallSite.java:277)
	at io.restassured.internal.ResponseSpecificationImpl$HamcrestAssertionClosure.validate(ResponseSpecificationImpl.groovy:512)
	at io.restassured.internal.ResponseSpecificationImpl$HamcrestAssertionClosure$validate$1.call(Unknown Source)
	at org.codehaus.groovy.runtime.callsite.CallSiteArray.defaultCall(CallSiteArray.java:45)
	at org.codehaus.groovy.runtime.callsite.AbstractCallSite.call(AbstractCallSite.java:125)
	at org.codehaus.groovy.runtime.callsite.AbstractCallSite.call(AbstractCallSite.java:139)
	at io.restassured.internal.ResponseSpecificationImpl.validateResponseIfRequired(ResponseSpecificationImpl.groovy:696)
	at io.restassured.internal.ResponseSpecificationImpl.this$2$validateResponseIfRequired(ResponseSpecificationImpl.groovy)
	at java.base/jdk.internal.reflect.DirectMethodHandleAccessor.invoke(DirectMethodHandleAccessor.java:103)
	at java.base/java.lang.reflect.Method.invoke(Method.java:580)
	at org.codehaus.groovy.runtime.callsite.PlainObjectMetaMethodSite.doInvoke(PlainObjectMetaMethodSite.java:43)
	at org.codehaus.groovy.runtime.callsite.PogoMetaMethodSite$PogoCachedMethodSiteNoUnwrapNoCoerce.invoke(PogoMetaMethodSite.java:198)
	at org.codehaus.groovy.runtime.callsite.PogoMetaMethodSite.callCurrent(PogoMetaMethodSite.java:62)
	at org.codehaus.groovy.runtime.callsite.CallSiteArray.defaultCallCurrent(CallSiteArray.java:49)
	at org.codehaus.groovy.runtime.callsite.AbstractCallSite.callCurrent(AbstractCallSite.java:171)
	at org.codehaus.groovy.runtime.callsite.AbstractCallSite.callCurrent(AbstractCallSite.java:185)
	at io.restassured.internal.ResponseSpecificationImpl.statusCode(ResponseSpecificationImpl.groovy:135)
	at io.restassured.specification.ResponseSpecification$statusCode$0.callCurrent(Unknown Source)
	at org.codehaus.groovy.runtime.callsite.CallSiteArray.defaultCallCurrent(CallSiteArray.java:49)
	at org.codehaus.groovy.runtime.callsite.AbstractCallSite.callCurrent(AbstractCallSite.java:171)
	at org.codehaus.groovy.runtime.callsite.AbstractCallSite.callCurrent(AbstractCallSite.java:185)
	at io.restassured.internal.ResponseSpecificationImpl.statusCode(ResponseSpecificationImpl.groovy:143)
	at io.restassured.internal.ValidatableResponseOptionsImpl.statusCode(ValidatableResponseOptionsImpl.java:89)
	at org.acme.GreetingResourceTest.testHelloEndpoint(GreetingResourceTest.java:16)
	at java.base/java.lang.reflect.Method.invoke(Method.java:580)
	at io.quarkus.test.junit.QuarkusTestExtension.runExtensionMethod(QuarkusTestExtension.java:1017)
	at io.quarkus.test.junit.QuarkusTestExtension.interceptTestMethod(QuarkusTestExtension.java:831)
	at java.base/java.util.ArrayList.forEach(ArrayList.java:1596)
	at java.base/java.util.ArrayList.forEach(ArrayList.java:1596)
]]></failure>
    <system-out><![CDATA[2024-08-12 10:27:14,420 INFO  [io.quarkus] (main) scheduler-quickstart 1.0.0-SNAPSHOT on JVM (powered by Quarkus 3.11.3) started in 0.965s. Listening on: http://localhost:8081
2024-08-12 10:27:14,421 INFO  [io.quarkus] (main) Profile test activated. 
2024-08-12 10:27:14,421 INFO  [io.quarkus] (main) Installed features: [cdi, rest, rest-client, rest-client-jackson, rest-jackson, scheduler, smallrye-context-propagation, vertx]
]]></system-out>
  </testcase>
</testsuite>